{"/home/arrotech/Projects/home-automation/app/models/device.model.js":{"path":"/home/arrotech/Projects/home-automation/app/models/device.model.js","s":{"1":1,"2":1,"3":1},"b":{},"f":{},"fnMap":{},"statementMap":{"1":{"start":{"line":1,"column":0},"end":{"line":1,"column":37}},"2":{"start":{"line":3,"column":0},"end":{"line":8,"column":3}},"3":{"start":{"line":10,"column":0},"end":{"line":10,"column":56}}},"branchMap":{}},"/home/arrotech/Projects/home-automation/index.js":{"path":"/home/arrotech/Projects/home-automation/index.js","s":{"1":1,"2":1,"3":1,"4":1,"5":1,"6":1,"7":1,"8":1,"9":1,"10":0,"11":1,"12":1,"13":1,"14":0,"15":1,"16":1,"17":1,"18":1},"b":{},"f":{},"fnMap":{},"statementMap":{"1":{"start":{"line":1,"column":0},"end":{"line":1,"column":35}},"2":{"start":{"line":2,"column":0},"end":{"line":2,"column":42}},"3":{"start":{"line":5,"column":0},"end":{"line":5,"column":22}},"4":{"start":{"line":8,"column":0},"end":{"line":8,"column":50}},"5":{"start":{"line":11,"column":0},"end":{"line":11,"column":26}},"6":{"start":{"line":14,"column":0},"end":{"line":14,"column":56}},"7":{"start":{"line":15,"column":0},"end":{"line":15,"column":37}},"8":{"start":{"line":17,"column":0},"end":{"line":17,"column":34}},"9":{"start":{"line":20,"column":0},"end":{"line":27,"column":3}},"10":{"start":{"line":23,"column":4},"end":{"line":23,"column":58}},"11":{"start":{"line":25,"column":4},"end":{"line":25,"column":74}},"12":{"start":{"line":26,"column":4},"end":{"line":26,"column":19}},"13":{"start":{"line":30,"column":0},"end":{"line":32,"column":3}},"14":{"start":{"line":31,"column":4},"end":{"line":31,"column":140}},"15":{"start":{"line":34,"column":0},"end":{"line":34,"column":46}},"16":{"start":{"line":37,"column":0},"end":{"line":39,"column":3}},"17":{"start":{"line":38,"column":4},"end":{"line":38,"column":52}},"18":{"start":{"line":42,"column":0},"end":{"line":42,"column":21}}},"branchMap":{}},"/home/arrotech/Projects/home-automation/config/database.config.js":{"path":"/home/arrotech/Projects/home-automation/config/database.config.js","s":{"1":1},"b":{},"f":{},"fnMap":{},"statementMap":{"1":{"start":{"line":1,"column":0},"end":{"line":3,"column":1}}},"branchMap":{}},"/home/arrotech/Projects/home-automation/app/routes/device.routes.js":{"path":"/home/arrotech/Projects/home-automation/app/routes/device.routes.js","s":{"1":1,"2":1,"3":1,"4":1,"5":1,"6":1,"7":1},"b":{},"f":{},"fnMap":{},"statementMap":{"1":{"start":{"line":1,"column":0},"end":{"line":18,"column":1}},"2":{"start":{"line":2,"column":4},"end":{"line":2,"column":67}},"3":{"start":{"line":5,"column":4},"end":{"line":5,"column":41}},"4":{"start":{"line":8,"column":4},"end":{"line":8,"column":41}},"5":{"start":{"line":11,"column":4},"end":{"line":11,"column":51}},"6":{"start":{"line":14,"column":4},"end":{"line":14,"column":50}},"7":{"start":{"line":17,"column":4},"end":{"line":17,"column":53}}},"branchMap":{}},"/home/arrotech/Projects/home-automation/app/controllers/device.controller.js":{"path":"/home/arrotech/Projects/home-automation/app/controllers/device.controller.js","s":{"1":1,"2":1,"3":0,"4":0,"5":0,"6":0,"7":0,"8":0,"9":0,"10":0,"11":1,"12":0,"13":0,"14":0,"15":1,"16":0,"17":0,"18":0,"19":0,"20":0,"21":0,"22":0,"23":1,"24":0,"25":0,"26":0,"27":0,"28":0,"29":0,"30":0,"31":0,"32":0,"33":0,"34":0,"35":1,"36":0,"37":0,"38":0,"39":0,"40":0,"41":0,"42":0},"b":{"1":[0,0],"2":[0,0],"3":[0,0],"4":[0,0],"5":[0,0],"6":[0,0],"7":[0,0],"8":[0,0],"9":[0,0],"10":[0,0],"11":[0,0],"12":[0,0],"13":[0,0]},"f":{},"fnMap":{},"statementMap":{"1":{"start":{"line":1,"column":0},"end":{"line":1,"column":51}},"2":{"start":{"line":4,"column":0},"end":{"line":34,"column":2}},"3":{"start":{"line":6,"column":4},"end":{"line":10,"column":5}},"4":{"start":{"line":7,"column":8},"end":{"line":9,"column":11}},"5":{"start":{"line":13,"column":4},"end":{"line":17,"column":5}},"6":{"start":{"line":14,"column":8},"end":{"line":16,"column":11}},"7":{"start":{"line":20,"column":4},"end":{"line":23,"column":7}},"8":{"start":{"line":26,"column":4},"end":{"line":33,"column":7}},"9":{"start":{"line":28,"column":8},"end":{"line":28,"column":23}},"10":{"start":{"line":30,"column":8},"end":{"line":32,"column":11}},"11":{"start":{"line":37,"column":0},"end":{"line":46,"column":2}},"12":{"start":{"line":38,"column":4},"end":{"line":45,"column":7}},"13":{"start":{"line":40,"column":8},"end":{"line":40,"column":26}},"14":{"start":{"line":42,"column":8},"end":{"line":44,"column":11}},"15":{"start":{"line":49,"column":0},"end":{"line":68,"column":2}},"16":{"start":{"line":50,"column":4},"end":{"line":67,"column":7}},"17":{"start":{"line":52,"column":8},"end":{"line":56,"column":9}},"18":{"start":{"line":53,"column":12},"end":{"line":55,"column":15}},"19":{"start":{"line":57,"column":8},"end":{"line":57,"column":25}},"20":{"start":{"line":59,"column":8},"end":{"line":63,"column":9}},"21":{"start":{"line":60,"column":12},"end":{"line":62,"column":15}},"22":{"start":{"line":64,"column":8},"end":{"line":66,"column":11}},"23":{"start":{"line":71,"column":0},"end":{"line":108,"column":2}},"24":{"start":{"line":73,"column":4},"end":{"line":77,"column":5}},"25":{"start":{"line":74,"column":8},"end":{"line":76,"column":11}},"26":{"start":{"line":80,"column":4},"end":{"line":84,"column":5}},"27":{"start":{"line":81,"column":8},"end":{"line":83,"column":11}},"28":{"start":{"line":87,"column":4},"end":{"line":107,"column":7}},"29":{"start":{"line":92,"column":8},"end":{"line":96,"column":9}},"30":{"start":{"line":93,"column":12},"end":{"line":95,"column":15}},"31":{"start":{"line":97,"column":8},"end":{"line":97,"column":25}},"32":{"start":{"line":99,"column":8},"end":{"line":103,"column":9}},"33":{"start":{"line":100,"column":12},"end":{"line":102,"column":15}},"34":{"start":{"line":104,"column":8},"end":{"line":106,"column":11}},"35":{"start":{"line":111,"column":0},"end":{"line":130,"column":2}},"36":{"start":{"line":112,"column":4},"end":{"line":129,"column":7}},"37":{"start":{"line":114,"column":8},"end":{"line":118,"column":9}},"38":{"start":{"line":115,"column":12},"end":{"line":117,"column":15}},"39":{"start":{"line":119,"column":8},"end":{"line":119,"column":60}},"40":{"start":{"line":121,"column":8},"end":{"line":125,"column":9}},"41":{"start":{"line":122,"column":12},"end":{"line":124,"column":15}},"42":{"start":{"line":126,"column":8},"end":{"line":128,"column":11}}},"branchMap":{"1":{"line":6,"type":"if","locations":[{"start":{"line":6,"column":4},"end":{"line":6,"column":4}},{"start":{"line":6,"column":4},"end":{"line":6,"column":4}}]},"2":{"line":13,"type":"if","locations":[{"start":{"line":13,"column":4},"end":{"line":13,"column":4}},{"start":{"line":13,"column":4},"end":{"line":13,"column":4}}]},"3":{"line":31,"type":"binary-expr","locations":[{"start":{"line":31,"column":21},"end":{"line":31,"column":32}},{"start":{"line":31,"column":36},"end":{"line":31,"column":84}}]},"4":{"line":43,"type":"binary-expr","locations":[{"start":{"line":43,"column":21},"end":{"line":43,"column":32}},{"start":{"line":43,"column":36},"end":{"line":43,"column":83}}]},"5":{"line":52,"type":"if","locations":[{"start":{"line":52,"column":8},"end":{"line":52,"column":8}},{"start":{"line":52,"column":8},"end":{"line":52,"column":8}}]},"6":{"line":59,"type":"if","locations":[{"start":{"line":59,"column":8},"end":{"line":59,"column":8}},{"start":{"line":59,"column":8},"end":{"line":59,"column":8}}]},"7":{"line":73,"type":"if","locations":[{"start":{"line":73,"column":4},"end":{"line":73,"column":4}},{"start":{"line":73,"column":4},"end":{"line":73,"column":4}}]},"8":{"line":80,"type":"if","locations":[{"start":{"line":80,"column":4},"end":{"line":80,"column":4}},{"start":{"line":80,"column":4},"end":{"line":80,"column":4}}]},"9":{"line":92,"type":"if","locations":[{"start":{"line":92,"column":8},"end":{"line":92,"column":8}},{"start":{"line":92,"column":8},"end":{"line":92,"column":8}}]},"10":{"line":99,"type":"if","locations":[{"start":{"line":99,"column":8},"end":{"line":99,"column":8}},{"start":{"line":99,"column":8},"end":{"line":99,"column":8}}]},"11":{"line":114,"type":"if","locations":[{"start":{"line":114,"column":8},"end":{"line":114,"column":8}},{"start":{"line":114,"column":8},"end":{"line":114,"column":8}}]},"12":{"line":121,"type":"if","locations":[{"start":{"line":121,"column":8},"end":{"line":121,"column":8}},{"start":{"line":121,"column":8},"end":{"line":121,"column":8}}]},"13":{"line":121,"type":"binary-expr","locations":[{"start":{"line":121,"column":11},"end":{"line":121,"column":34}},{"start":{"line":121,"column":38},"end":{"line":121,"column":61}}]}}}}