TN:
SF:/home/arrotech/Projects/home-automation/app/models/device.model.js
FNF:0
FNH:0
DA:1,1
DA:3,1
DA:10,1
LF:3
LH:3
BRF:0
BRH:0
end_of_record
TN:
SF:/home/arrotech/Projects/home-automation/index.js
FNF:0
FNH:0
DA:1,1
DA:2,1
DA:5,1
DA:8,1
DA:11,1
DA:14,1
DA:15,1
DA:17,1
DA:20,1
DA:23,0
DA:25,1
DA:26,1
DA:30,1
DA:31,0
DA:34,1
DA:37,1
DA:38,1
DA:42,1
LF:18
LH:16
BRF:0
BRH:0
end_of_record
TN:
SF:/home/arrotech/Projects/home-automation/config/database.config.js
FNF:0
FNH:0
DA:1,1
LF:1
LH:1
BRF:0
BRH:0
end_of_record
TN:
SF:/home/arrotech/Projects/home-automation/app/routes/device.routes.js
FNF:0
FNH:0
DA:1,1
DA:2,1
DA:5,1
DA:8,1
DA:11,1
DA:14,1
DA:17,1
LF:7
LH:7
BRF:0
BRH:0
end_of_record
TN:
SF:/home/arrotech/Projects/home-automation/app/controllers/device.controller.js
FNF:0
FNH:0
DA:1,1
DA:4,1
DA:6,0
DA:7,0
DA:13,0
DA:14,0
DA:20,0
DA:26,0
DA:28,0
DA:30,0
DA:37,1
DA:38,0
DA:40,0
DA:42,0
DA:49,1
DA:50,0
DA:52,0
DA:53,0
DA:57,0
DA:59,0
DA:60,0
DA:64,0
DA:71,1
DA:73,0
DA:74,0
DA:80,0
DA:81,0
DA:87,0
DA:92,0
DA:93,0
DA:97,0
DA:99,0
DA:100,0
DA:104,0
DA:111,1
DA:112,0
DA:114,0
DA:115,0
DA:119,0
DA:121,0
DA:122,0
DA:126,0
LF:42
LH:6
BRDA:6,1,0,0
BRDA:6,1,1,0
BRDA:13,2,0,0
BRDA:13,2,1,0
BRDA:31,3,0,0
BRDA:31,3,1,0
BRDA:43,4,0,0
BRDA:43,4,1,0
BRDA:52,5,0,0
BRDA:52,5,1,0
BRDA:59,6,0,0
BRDA:59,6,1,0
BRDA:73,7,0,0
BRDA:73,7,1,0
BRDA:80,8,0,0
BRDA:80,8,1,0
BRDA:92,9,0,0
BRDA:92,9,1,0
BRDA:99,10,0,0
BRDA:99,10,1,0
BRDA:114,11,0,0
BRDA:114,11,1,0
BRDA:121,12,0,0
BRDA:121,12,1,0
BRDA:121,13,0,0
BRDA:121,13,1,0
BRF:26
BRH:0
end_of_record
