TN:
SF:/home/arrotech/Projects/home-automation/index.js
FN:22,(anonymous_0)
FN:24,(anonymous_1)
FN:30,(anonymous_2)
FN:37,(anonymous_3)
FNF:4
FNH:2
FNDA:1,(anonymous_0)
FNDA:0,(anonymous_1)
FNDA:0,(anonymous_2)
FNDA:1,(anonymous_3)
DA:1,1
DA:2,1
DA:5,1
DA:8,1
DA:11,1
DA:14,1
DA:15,1
DA:17,1
DA:20,1
DA:23,1
DA:25,0
DA:26,0
DA:30,1
DA:31,0
DA:34,1
DA:37,1
DA:38,1
DA:42,1
LF:18
LH:15
BRF:0
BRH:0
end_of_record
TN:
SF:/home/arrotech/Projects/home-automation/app/controllers/device.controller.js
FN:4,(anonymous_0)
FN:27,(anonymous_1)
FN:29,(anonymous_2)
FN:37,(anonymous_3)
FN:39,(anonymous_4)
FN:41,(anonymous_5)
FN:49,(anonymous_6)
FN:51,(anonymous_7)
FN:58,(anonymous_8)
FN:71,(anonymous_9)
FN:91,(anonymous_10)
FN:98,(anonymous_11)
FN:111,(anonymous_12)
FN:113,(anonymous_13)
FN:120,(anonymous_14)
FNF:15
FNH:9
FNDA:1,(anonymous_0)
FNDA:1,(anonymous_1)
FNDA:0,(anonymous_2)
FNDA:1,(anonymous_3)
FNDA:1,(anonymous_4)
FNDA:0,(anonymous_5)
FNDA:1,(anonymous_6)
FNDA:1,(anonymous_7)
FNDA:0,(anonymous_8)
FNDA:1,(anonymous_9)
FNDA:0,(anonymous_10)
FNDA:0,(anonymous_11)
FNDA:1,(anonymous_12)
FNDA:1,(anonymous_13)
FNDA:0,(anonymous_14)
DA:1,1
DA:4,1
DA:6,1
DA:7,0
DA:13,1
DA:14,0
DA:20,1
DA:26,1
DA:28,1
DA:30,0
DA:37,1
DA:38,1
DA:40,1
DA:42,0
DA:49,1
DA:50,1
DA:52,1
DA:53,0
DA:57,1
DA:59,0
DA:60,0
DA:64,0
DA:71,1
DA:73,1
DA:74,0
DA:80,1
DA:81,1
DA:87,0
DA:92,0
DA:93,0
DA:97,0
DA:99,0
DA:100,0
DA:104,0
DA:111,1
DA:112,1
DA:114,1
DA:115,0
DA:119,1
DA:121,0
DA:122,0
DA:126,0
LF:42
LH:22
BRDA:6,0,0,0
BRDA:6,0,1,1
BRDA:13,1,0,0
BRDA:13,1,1,1
BRDA:31,2,0,0
BRDA:31,2,1,0
BRDA:43,3,0,0
BRDA:43,3,1,0
BRDA:52,4,0,0
BRDA:52,4,1,1
BRDA:59,5,0,0
BRDA:59,5,1,0
BRDA:73,6,0,0
BRDA:73,6,1,1
BRDA:80,7,0,1
BRDA:80,7,1,0
BRDA:92,8,0,0
BRDA:92,8,1,0
BRDA:99,9,0,0
BRDA:99,9,1,0
BRDA:114,10,0,0
BRDA:114,10,1,1
BRDA:121,11,0,0
BRDA:121,11,1,0
BRDA:121,12,0,0
BRDA:121,12,1,0
BRF:26
BRH:6
end_of_record
TN:
SF:/home/arrotech/Projects/home-automation/app/models/device.model.js
FNF:0
FNH:0
DA:1,1
DA:3,1
DA:10,1
LF:3
LH:3
BRF:0
BRH:0
end_of_record
TN:
SF:/home/arrotech/Projects/home-automation/app/routes/device.routes.js
FN:1,(anonymous_0)
FNF:1
FNH:1
FNDA:1,(anonymous_0)
DA:1,1
DA:2,1
DA:5,1
DA:8,1
DA:11,1
DA:14,1
DA:17,1
LF:7
LH:7
BRF:0
BRH:0
end_of_record
TN:
SF:/home/arrotech/Projects/home-automation/config/database.config.js
FNF:0
FNH:0
DA:1,1
LF:1
LH:1
BRF:0
BRH:0
end_of_record
